we
we
worldline
worldline
soundhound
soundhound
we
we
we
we
we
we
we
we
we
we
we
we
we
we
we
we
we
we
we
we
prospective buyer of such business
prospective buyer of such business
we
we
we
we
we
we
people
people


we
we
we
we
we
we
we
we
we
we
eea
eea
we
we
we
we
we
we
we
we
we
we
request of user
request of user
we
we
kia
kia
we
we
kia
kia
kia
kia
kia
kia
kia
kia
kia
kia
kia
kia
we
we
kia
kia
we
we
information processor
information processor
kia
kia
kia
kia
kia
kia
kia
kia
kia
kia
we
we
we
we
we
we
we
we
we
we
we
we
we
we
we
we
we
we
we
we
we
we
we
we
vehicle identification number
vehicle identification number
we
we
we
we
we
we
we
we
we
we
we
we
we
we
we
we
we
we
we
we
we
we
we
we
we
we
we
we
we
we
we
we
we
we
we
we
we
we
we
we
channel partner
channel partner
we
we
we
we
we
we
we
we
tesla product
tesla product
we
we
we
we
social network
social network
such individual
such individual
we
we
we
we
we
we
